<?xml version="1.0" encoding="UTF-8"?>
<!-- Generated by org.testng.reporters.JUnitReportReporter -->
<testsuite skipped="0" hostname="QAP22-PC" name="selprog.Multiplebrowsers" tests="1" failures="0" timestamp="25 May 2018 06:41:40 GMT" time="34.917" errors="0">
  <testcase name="m1" time="34.917" classname="selprog.Multiplebrowsers"/>
</testsuite> <!-- selprog.Multiplebrowsers -->
