<?xml version="1.0" encoding="UTF-8"?>
<!-- Generated by org.testng.reporters.JUnitReportReporter -->
<testsuite skipped="0" hostname="QAP22-PC" name="selprog.parallelexecutiontestng1" tests="3" failures="0" timestamp="17 Apr 2018 12:14:56 GMT" time="24.408" errors="0">
  <testcase name="verifypagetitle" time="9.967" classname="selprog.parallelexecutiontestng1"/>
  <testcase name="verifypagetitle" time="12.316" classname="selprog.parallelexecutiontestng1"/>
  <testcase name="verifypagetitle" time="2.125" classname="selprog.parallelexecutiontestng1"/>
</testsuite> <!-- selprog.parallelexecutiontestng1 -->
